MIG: 19:54:03 : xml_input_file: mig_a.prj
MIG: 19:54:03 : Absolute path of xml_input_file: /home/user/soc_demo/run_vivado/soc_demo.srcs/sources_1/bd/soc/ip/soc_mig_7series_0_0/mig_a.prj
MIG: 19:54:03 : xml_input_file: mig_a.prj
MIG: 19:54:03 : Absolute path of xml_input_file: /home/user/soc_demo/run_vivado/soc_demo.srcs/sources_1/bd/soc/ip/soc_mig_7series_0_0/mig_a.prj
MIG: 19:54:03 : In updateAllModelParams
MIG: 19:54:03 : ################# RUNNING MIG BATCH ###################
MIG: 19:54:03 : Writing IN file for 'soc_mig_7series_0_0'...compDirPath: /home/user/.opt/Vivado/2018.1/data/ip/xilinx/mig_7series_v4_1... instDirPath: /home/user/soc_demo/run_vivado/soc_demo.srcs/sources_1/bd/soc/ip/soc_mig_7series_0_0
MIG: 19:54:03 : synp_flow:  -- synthesis_mode: Other
MIG: 19:54:03 : outputDirectory: /home/user/soc_demo/run_vivado/soc_demo.srcs/sources_1/bd/soc/ip/soc_mig_7series_0_0/_tmp/
MIG: 19:54:03 : vivado_mode: xpg_bd
MIG: 19:54:03 : isPortInterface: 0
MIG: 19:54:03 : isPortInterface: 0
MIG: 19:54:03 : isPortInterface: 0
MIG: 19:54:03 : isPortInterface: 0
MIG: 19:54:03 : isPortInterface: 0
MIG: 19:54:03 : isPortInterface: 0
MIG: 19:54:03 : isPortInterface: 0
MIG: 19:54:03 : isPortInterface: 0
MIG: 19:54:03 : isPortInterface: 0
MIG: 19:54:03 : isPortInterface: 0
MIG: 19:54:03 : isPortInterface: 0
MIG: 19:54:03 : isPortInterface: 0
MIG: 19:54:03 : isPortInterface: 0
MIG: 19:54:03 : isPortInterface: 0
MIG: 19:54:03 : isPortInterface: 0
MIG: 19:54:03 : isPortInterface: 0
MIG: 19:54:03 : isPortInterface: 0
MIG: 19:54:03 : isPortInterface: 0
MIG: 19:54:03 : isPortInterface: 0
MIG: 19:54:03 : isPortInterface: 0
MIG: 19:54:03 : isPortInterface: 0
MIG: 19:54:03 : isPortInterface: 0
MIG: 19:54:03 : isPortInterface: 0
MIG: 19:54:03 : isPortInterface: 0
MIG: 19:54:03 : isPortInterface: 0
MIG: 19:54:03 : isPortInterface: 0
MIG: 19:54:03 : isPortInterface: 0
MIG: 19:54:03 : isPortInterface: 0
MIG: 19:54:03 : isPortInterface: 0
MIG: 19:54:03 : isPortInterface: 0
MIG: 19:54:03 : isPortInterface: 0
MIG: 19:54:03 : isPortInterface: 0
MIG: 19:54:03 : isPortInterface: 0
MIG: 19:54:03 : isPortInterface: 0
MIG: 19:54:03 : isPortInterface: 0
MIG: 19:54:03 : isPortInterface: 0
MIG: 19:54:03 : isPortInterface: 0
MIG: 19:54:03 : isPortInterface: 0
MIG: 19:54:03 : isPortInterface: 0
MIG: 19:54:03 : isPortInterface: 0
MIG: 19:54:03 : isPortInterface: 0
MIG: 19:54:03 : isPortInterface: 0
MIG: 19:54:03 : isPortInterface: 0
MIG: 19:54:03 : isPortInterface: 0
MIG: 19:54:03 : isPortInterface: 0
MIG: 19:54:03 : isPortInterface: 0
MIG: 19:54:03 : isPortInterface: 0
MIG: 19:54:03 : isPortInterface: 0
MIG: 19:54:03 : isPortInterface: 0
MIG: 19:54:03 : isPortInterface: 0
MIG: 19:54:03 : isPortInterface: 0
MIG: 19:54:03 : isPortInterface: 0
MIG: 19:54:03 : isPortInterface: 0
MIG: 19:54:03 : isPortInterface: 0
MIG: 19:54:03 : isPortInterface: 0
MIG: 19:54:03 : isPortInterface: 0
MIG: 19:54:03 : isPortInterface: 0
MIG: 19:54:03 : isPortInterface: 0
MIG: 19:54:03 : isPortInterface: 0
MIG: 19:54:03 : isPortInterface: 0
MIG: 19:54:03 : isPortInterface: 0
MIG: 19:54:03 : isPortInterface: 0
MIG: 19:54:03 : isPortInterface: 0
MIG: 19:54:03 : isPortInterface: 0
MIG: 19:54:03 : isPortInterface: 0
MIG: 19:54:03 : isPortInterface: 0
MIG: 19:54:03 : isPortInterface: 0
MIG: 19:54:03 : isPortInterface: 0
MIG: 19:54:03 : isPortInterface: 0
MIG: 19:54:03 : isPortInterface: 0
MIG: 19:54:03 : isPortInterface: 0
MIG: 19:54:03 : isPortInterface: 0
MIG: 19:54:03 : isPortInterface: 0
MIG: 19:54:03 : isPortInterface: 0
MIG: 19:54:03 : isPortInterface: 0
MIG: 19:54:03 : isPortInterface: 0
MIG: 19:54:03 : isPortInterface: 0
MIG: 19:54:03 : isPortInterface: 0
MIG: 19:54:03 : isPortInterface: 0
MIG: 19:54:03 : isPortInterface: 0
MIG: 19:54:03 : isPortInterface: 0
MIG: 19:54:03 : isPortInterface: 0
MIG: 19:54:03 : isPortInterface: 0
MIG: 19:54:03 : isPortInterface: 0
MIG: 19:54:03 : isPortInterface: 0
MIG: 19:54:03 : isPortInterface: 0
MIG: 19:54:03 : isPortInterface: 0
MIG: 19:54:03 : isPortInterface: 0
MIG: 19:54:03 : isPortInterface: 0
MIG: 19:54:03 : isPortInterface: 0
MIG: 19:54:03 : isPortInterface: 0
MIG: 19:54:03 : isPortInterface: 0
MIG: 19:54:03 : isPortInterface: 0
MIG: 19:54:03 : isPortInterface: 0
MIG: 19:54:03 : isPortInterface: 0
MIG: 19:54:03 : isPortInterface: 0
MIG: 19:54:03 : isPortInterface: 0
MIG: 19:54:03 : isPortInterface: 0
MIG: 19:54:03 : isPortInterface: 0
MIG: 19:54:03 : isPortInterface: 0
MIG: 19:54:03 : isPortInterface: 0
MIG: 19:54:03 : isPortInterface: 0
MIG: 19:54:03 : isPortInterface: 0
MIG: 19:54:03 : isPortInterface: 0
MIG: 19:54:03 : isPortInterface: 0
MIG: 19:54:03 : isPortInterface: 0
MIG: 19:54:03 : isPortInterface: 0
MIG: 19:54:03 : isPortInterface: 0
MIG: 19:54:03 : isPortInterface: 0
MIG: 19:54:03 : isPortInterface: 0
MIG: 19:54:03 : isPortInterface: 0
MIG: 19:54:03 : isPortInterface: 0
MIG: 19:54:03 : isPortInterface: 0
MIG: 19:54:03 : isPortInterface: 0
MIG: 19:54:03 : isPortInterface: 0
MIG: 19:54:03 : isPortInterface: 0
MIG: 19:54:03 : isPortInterface: 0
MIG: 19:54:03 : isPortInterface: 0
MIG: 19:54:03 : isPortInterface: 0
MIG: 19:54:03 : isPortInterface: 0
MIG: 19:54:03 : isPortInterface: 0
MIG: 19:54:03 : isPortInterface: 0
MIG: 19:54:03 : isPortInterface: 1
MIG: 19:54:03 : isPortInterface: 0
MIG: 19:54:03 : isPortInterface: 0
MIG: 19:54:03 : isPortInterface: 0
MIG: 19:54:03 : isPortInterface: 0
MIG: 19:54:03 : isPortInterface: 0
MIG: 19:54:03 : isPortInterface: 0
MIG: 19:54:03 : isPortInterface: 0
MIG: 19:54:03 : isPortInterface: 0
MIG: 19:54:03 : isPortInterface: 0
MIG: 19:54:03 :  locked false  
MIG: 19:54:03 : HDL Language: Verilog
MIG: 19:54:03 : compInfo: true
MIG: 19:54:03 : Vivado Options xc7a200t fbg676 -2
MIG: 19:54:03 : 1: xc7a200t 2: fbg676 3: -2
MIG: 19:54:03 : relative mig path: coregen/ip/xilinx/other/com/xilinx/ip/mig_7series_v4_1/bin/lin64/mig
MIG: 19:54:03 : xilinx_path: /home/user/.opt/Vivado/2018.1/ids_lite/ISE
MIG: 19:54:03 : I am in catch area
MIG: 19:54:03 : Running /home/user/.opt/Vivado/2018.1/ids_lite/ISE/coregen/ip/xilinx/other/com/xilinx/ip/mig_7series_v4_1/bin/lin64/mig -cg_exc_inp /home/user/soc_demo/run_vivado/soc_demo.srcs/sources_1/bd/soc/ip/soc_mig_7series_0_0/xil_txt.in -cg_exc_out /home/user/soc_demo/run_vivado/soc_demo.srcs/sources_1/bd/soc/ip/soc_mig_7series_0_0/xil_txt.out ... 
MIG: 19:54:18 : XML_INPUT_FILE: /home/user/soc_demo/run_vivado/soc_demo.srcs/sources_1/bd/soc/ip/soc_mig_7series_0_0/mig_a.prj
MIG: 19:54:18 : Component_Name: soc_mig_7series_0_0
MIG: 19:54:18 : Moving soc_mig_7series_0_0_xmdf.tcl ...
MIG: 19:54:18 : Moving soc_mig_7series_0_0.veo ...
MIG: 19:54:18 : Moving soc_mig_7series_0_0 ...
MIG: 19:54:18 : XGUI hdlLanguage: Verilog
MIG: 19:54:18 : xgui vivado_mode: xpg_bd
MIG: 19:54:18 : xgui hdlLanguage: Verilog -- hdlExt: v
MIG: 19:54:18 : Reading /home/user/soc_demo/run_vivado/soc_demo.srcs/sources_1/bd/soc/ip/soc_mig_7series_0_0/soc_mig_7series_0_0/user_design/rtl/soc_mig_7series_0_0_mig.v ...
MIG: 19:54:19 : 1
MIG: 19:54:19 : Inside fn mem: DDR3
MIG: 19:54:19 : detect_uiclk: 100000000
MIG: 19:54:19 : cntrl:  memtype: DDR3
MIG: 19:54:19 : 800
MIG: 19:54:19 :  MMCM_VCO single ctrl param_name: MMCM_VCO --  possibleMaxVcoVal: 800 
MIG: 19:54:19 : 
MIG: 19:54:19 : 1
MIG: 19:54:19 : 100000000
MIG: 19:54:19 : 
MIG: 19:54:19 :  polarity_value: 1
MIG: 19:54:19 : 
MIG: 19:54:19 : 
MIG: 19:54:19 : cntrl:  memtype: DDR3
MIG: 19:54:19 : 
MIG: 19:54:19 :  Valid Param: DDR3_BANK_WIDTH ==> 3
MIG: 19:54:19 : 
MIG: 19:54:19 :  Valid Param: DDR3_CK_WIDTH ==> 1
MIG: 19:54:19 :  Invalid Param: DDR3_COL_WIDTH ==> 10
MIG: 19:54:19 : 
MIG: 19:54:19 :  Valid Param: DDR3_CS_WIDTH ==> 1
MIG: 19:54:19 : 
MIG: 19:54:19 :  Valid Param: DDR3_nCS_PER_RANK ==> 1
MIG: 19:54:19 : 
MIG: 19:54:19 :  Valid Param: DDR3_CKE_WIDTH ==> 1
MIG: 19:54:19 :  Invalid Param: DDR3_DATA_BUF_ADDR_WIDTH ==> 5
MIG: 19:54:19 :  Invalid Param: DDR3_DQ_CNT_WIDTH ==> 4
MIG: 19:54:19 :  Invalid Param: DDR3_DQ_PER_DM ==> 8
MIG: 19:54:19 : 2
MIG: 19:54:19 :  Valid Param: DDR3_DM_WIDTH ==> 2
MIG: 19:54:19 : 16
MIG: 19:54:19 :  Valid Param: DDR3_DQ_WIDTH ==> 16
MIG: 19:54:19 : 2
MIG: 19:54:19 :  Valid Param: DDR3_DQS_WIDTH ==> 2
MIG: 19:54:19 : 
MIG: 19:54:19 :  Valid Param: DDR3_DQS_CNT_WIDTH ==> 1
MIG: 19:54:19 :  Invalid Param: DDR3_DRAM_WIDTH ==> 8
MIG: 19:54:19 : 
MIG: 19:54:19 :  Valid Param: ECC ==> OFF
MIG: 19:54:19 : 16
MIG: 19:54:19 :  Valid Param: DDR3_DATA_WIDTH ==> 16
MIG: 19:54:19 :  Invalid Param: ECC_TEST ==> "OFF"
MIG: 19:54:19 :  Invalid Param: DDR3_PAYLOAD_WIDTH ==> (ECC_TEST == "OFF") ? DATA_WIDTH : DQ_WIDTH
MIG: 19:54:19 :  Invalid Param: DDR3_MEM_ADDR_ORDER ==> "BANK_ROW_COLUMN"
MIG: 19:54:19 :  Invalid Param: DDR3_nBANK_MACHS ==> 4
MIG: 19:54:19 :  Invalid Param: DDR3_RANKS ==> 1
MIG: 19:54:19 : 
MIG: 19:54:19 :  Valid Param: DDR3_ODT_WIDTH ==> 1
MIG: 19:54:19 : 13
MIG: 19:54:19 :  Valid Param: DDR3_ROW_WIDTH ==> 13
MIG: 19:54:19 : 27
MIG: 19:54:19 :  Valid Param: DDR3_ADDR_WIDTH ==> 27
MIG: 19:54:19 : 0
MIG: 19:54:19 :  Valid Param: DDR3_USE_CS_PORT ==> 0
MIG: 19:54:19 : 
MIG: 19:54:19 :  Valid Param: DDR3_USE_DM_PORT ==> 1
MIG: 19:54:19 : 
MIG: 19:54:19 :  Valid Param: DDR3_USE_ODT_PORT ==> 1
MIG: 19:54:19 :  Invalid Param: DDR3_IS_CLK_SHARED ==> "FALSE"
MIG: 19:54:19 :  Invalid Param: DDR3_PHY_CONTROL_MASTER_BANK ==> 0
MIG: 19:54:19 :  Invalid Param: DDR3_MEM_DENSITY ==> "1Gb"
MIG: 19:54:19 :  Invalid Param: DDR3_MEM_SPEEDGRADE ==> "125"
MIG: 19:54:19 :  Invalid Param: DDR3_MEM_DEVICE_WIDTH ==> 16
MIG: 19:54:19 :  Invalid Param: DDR3_AL ==> "0"
MIG: 19:54:19 :  Invalid Param: DDR3_nAL ==> 0
MIG: 19:54:19 :  Invalid Param: DDR3_BURST_MODE ==> "8"
MIG: 19:54:19 :  Invalid Param: DDR3_BURST_TYPE ==> "SEQ"
MIG: 19:54:19 :  Invalid Param: DDR3_CL ==> 6
MIG: 19:54:19 :  Invalid Param: DDR3_CWL ==> 5
MIG: 19:54:19 :  Invalid Param: DDR3_OUTPUT_DRV ==> "HIGH"
MIG: 19:54:19 :  Invalid Param: DDR3_RTT_NOM ==> "60"
MIG: 19:54:19 :  Invalid Param: DDR3_RTT_WR ==> "OFF"
MIG: 19:54:19 :  Invalid Param: DDR3_ADDR_CMD_MODE ==> "1T"
MIG: 19:54:19 : 
MIG: 19:54:19 :  Valid Param: DDR3_REG_CTRL ==> OFF
MIG: 19:54:19 :  Invalid Param: DDR3_CA_MIRROR ==> "OFF"
MIG: 19:54:19 :  Invalid Param: DDR3_VDD_OP_VOLT ==> "150"
MIG: 19:54:19 :  Invalid Param: DDR3_CLKIN_PERIOD ==> 10000
MIG: 19:54:19 :  Invalid Param: DDR3_CLKFBOUT_MULT ==> 8
MIG: 19:54:19 :  Invalid Param: DDR3_DIVCLK_DIVIDE ==> 1
MIG: 19:54:19 :  Invalid Param: DDR3_CLKOUT0_PHASE ==> 0.0
MIG: 19:54:19 :  Invalid Param: DDR3_CLKOUT0_DIVIDE ==> 1
MIG: 19:54:19 :  Invalid Param: DDR3_CLKOUT1_DIVIDE ==> 2
MIG: 19:54:19 :  Invalid Param: DDR3_CLKOUT2_DIVIDE ==> 32
MIG: 19:54:19 :  Invalid Param: DDR3_CLKOUT3_DIVIDE ==> 8
MIG: 19:54:19 :  Invalid Param: DDR3_MMCM_VCO ==> 800
MIG: 19:54:19 :  Invalid Param: DDR3_MMCM_MULT_F ==> 8
MIG: 19:54:19 :  Invalid Param: DDR3_MMCM_DIVCLK_DIVIDE ==> 1
MIG: 19:54:19 :  Invalid Param: DDR3_tCKE ==> 5000
MIG: 19:54:19 :  Invalid Param: DDR3_tFAW ==> 40000
MIG: 19:54:19 :  Invalid Param: DDR3_tPRDI ==> 1_000_000
MIG: 19:54:19 :  Invalid Param: DDR3_tRAS ==> 35000
MIG: 19:54:19 :  Invalid Param: DDR3_tRCD ==> 13750
MIG: 19:54:19 :  Invalid Param: DDR3_tREFI ==> 7800000
MIG: 19:54:19 :  Invalid Param: DDR3_tRFC ==> 110000
MIG: 19:54:19 :  Invalid Param: DDR3_tRP ==> 13750
MIG: 19:54:19 :  Invalid Param: DDR3_tRRD ==> 7500
MIG: 19:54:19 :  Invalid Param: DDR3_tRTP ==> 7500
MIG: 19:54:19 :  Invalid Param: DDR3_tWTR ==> 7500
MIG: 19:54:19 :  Invalid Param: DDR3_tZQI ==> 128_000_000
MIG: 19:54:19 :  Invalid Param: DDR3_tZQCS ==> 64
MIG: 19:54:19 :  Invalid Param: DDR3_SIM_BYPASS_INIT_CAL ==> "OFF"
MIG: 19:54:19 :  Invalid Param: DDR3_SIMULATION ==> "FALSE"
MIG: 19:54:19 :  Invalid Param: DDR3_BYTE_LANES_B0 ==> 4'b1111
MIG: 19:54:19 :  Invalid Param: DDR3_BYTE_LANES_B1 ==> 4'b0000
MIG: 19:54:19 :  Invalid Param: DDR3_BYTE_LANES_B2 ==> 4'b0000
MIG: 19:54:19 :  Invalid Param: DDR3_BYTE_LANES_B3 ==> 4'b0000
MIG: 19:54:19 :  Invalid Param: DDR3_BYTE_LANES_B4 ==> 4'b0000
MIG: 19:54:19 :  Invalid Param: DDR3_DATA_CTL_B0 ==> 4'b0011
MIG: 19:54:19 :  Invalid Param: DDR3_DATA_CTL_B1 ==> 4'b0000
MIG: 19:54:19 :  Invalid Param: DDR3_DATA_CTL_B2 ==> 4'b0000
MIG: 19:54:19 :  Invalid Param: DDR3_DATA_CTL_B3 ==> 4'b0000
MIG: 19:54:19 :  Invalid Param: DDR3_DATA_CTL_B4 ==> 4'b0000
MIG: 19:54:19 :  Invalid Param: DDR3_PHY_0_BITLANES ==> 48'hFFF_FEC_3FE_3FE
MIG: 19:54:19 :  Invalid Param: DDR3_PHY_1_BITLANES ==> 48'h000_000_000_000
MIG: 19:54:19 :  Invalid Param: DDR3_PHY_2_BITLANES ==> 48'h000_000_000_000
MIG: 19:54:19 :  Invalid Param: DDR3_CK_BYTE_MAP ==> 144'h00_00_00_00_00_00_00_00_00_00_00_00_00_00_00_00_00_02
MIG: 19:54:19 :  Invalid Param: DDR3_ADDR_MAP ==> 192'h000_000_000_030_031_032_033_034_035_03A_03B_036_037_038_039_022
MIG: 19:54:19 :  Invalid Param: DDR3_BANK_MAP ==> 36'h027_028_029
MIG: 19:54:19 :  Invalid Param: DDR3_CAS_MAP ==> 12'h02A
MIG: 19:54:19 :  Invalid Param: DDR3_CKE_ODT_BYTE_MAP ==> 8'h00
MIG: 19:54:19 :  Invalid Param: DDR3_CKE_MAP ==> 96'h000_000_000_000_000_000_000_026
MIG: 19:54:19 :  Invalid Param: DDR3_ODT_MAP ==> 96'h000_000_000_000_000_000_000_023
MIG: 19:54:19 :  Invalid Param: DDR3_CS_MAP ==> 120'h000_000_000_000_000_000_000_000_000_000
MIG: 19:54:19 :  Invalid Param: DDR3_PARITY_MAP ==> 12'h000
MIG: 19:54:19 :  Invalid Param: DDR3_RAS_MAP ==> 12'h02B
MIG: 19:54:19 :  Invalid Param: DDR3_WE_MAP ==> 12'h025
MIG: 19:54:19 :  Invalid Param: DDR3_DQS_BYTE_MAP ==> 144'h00_00_00_00_00_00_00_00_00_00_00_00_00_00_00_00_00_01
MIG: 19:54:19 :  Invalid Param: DDR3_DATA0_MAP ==> 96'h013_018_014_016_012_019_015_017
MIG: 19:54:19 :  Invalid Param: DDR3_DATA1_MAP ==> 96'h007_003_005_006_004_008_002_009
MIG: 19:54:19 :  Invalid Param: DDR3_DATA2_MAP ==> 96'h000_000_000_000_000_000_000_000
MIG: 19:54:19 :  Invalid Param: DDR3_DATA3_MAP ==> 96'h000_000_000_000_000_000_000_000
MIG: 19:54:19 :  Invalid Param: DDR3_DATA4_MAP ==> 96'h000_000_000_000_000_000_000_000
MIG: 19:54:19 :  Invalid Param: DDR3_DATA5_MAP ==> 96'h000_000_000_000_000_000_000_000
MIG: 19:54:19 :  Invalid Param: DDR3_DATA6_MAP ==> 96'h000_000_000_000_000_000_000_000
MIG: 19:54:19 :  Invalid Param: DDR3_DATA7_MAP ==> 96'h000_000_000_000_000_000_000_000
MIG: 19:54:19 :  Invalid Param: DDR3_DATA8_MAP ==> 96'h000_000_000_000_000_000_000_000
MIG: 19:54:19 :  Invalid Param: DDR3_DATA9_MAP ==> 96'h000_000_000_000_000_000_000_000
MIG: 19:54:19 :  Invalid Param: DDR3_DATA10_MAP ==> 96'h000_000_000_000_000_000_000_000
MIG: 19:54:19 :  Invalid Param: DDR3_DATA11_MAP ==> 96'h000_000_000_000_000_000_000_000
MIG: 19:54:19 :  Invalid Param: DDR3_DATA12_MAP ==> 96'h000_000_000_000_000_000_000_000
MIG: 19:54:19 :  Invalid Param: DDR3_DATA13_MAP ==> 96'h000_000_000_000_000_000_000_000
MIG: 19:54:19 :  Invalid Param: DDR3_DATA14_MAP ==> 96'h000_000_000_000_000_000_000_000
MIG: 19:54:19 :  Invalid Param: DDR3_DATA15_MAP ==> 96'h000_000_000_000_000_000_000_000
MIG: 19:54:19 :  Invalid Param: DDR3_DATA16_MAP ==> 96'h000_000_000_000_000_000_000_000
MIG: 19:54:19 :  Invalid Param: DDR3_DATA17_MAP ==> 96'h000_000_000_000_000_000_000_000
MIG: 19:54:19 :  Invalid Param: DDR3_MASK0_MAP ==> 108'h000_000_000_000_000_000_000_001_011
MIG: 19:54:19 :  Invalid Param: DDR3_MASK1_MAP ==> 108'h000_000_000_000_000_000_000_000_000
MIG: 19:54:19 :  Invalid Param: DDR3_SLOT_0_CONFIG ==> 8'b0000_0001
MIG: 19:54:19 :  Invalid Param: DDR3_SLOT_1_CONFIG ==> 8'b0000_0000
MIG: 19:54:19 :  Invalid Param: DDR3_IBUF_LPWR_MODE ==> "OFF"
MIG: 19:54:19 :  Invalid Param: DDR3_DATA_IO_IDLE_PWRDWN ==> "OFF"
MIG: 19:54:19 :  Invalid Param: DDR3_BANK_TYPE ==> "HR_IO"
MIG: 19:54:19 :  Invalid Param: DDR3_DATA_IO_PRIM_TYPE ==> "DEFAULT"
MIG: 19:54:19 :  Invalid Param: DDR3_CKE_ODT_AUX ==> "FALSE"
MIG: 19:54:19 :  Invalid Param: DDR3_USER_REFRESH ==> "OFF"
MIG: 19:54:19 :  Invalid Param: DDR3_WRLVL ==> "ON"
MIG: 19:54:19 :  Invalid Param: DDR3_ORDERING ==> "NORM"
MIG: 19:54:19 :  Invalid Param: DDR3_CALIB_ROW_ADD ==> 16'h0000
MIG: 19:54:19 :  Invalid Param: DDR3_CALIB_COL_ADD ==> 12'h000
MIG: 19:54:19 :  Invalid Param: DDR3_CALIB_BA_ADD ==> 3'h0
MIG: 19:54:19 :  Invalid Param: DDR3_TCQ ==> 100
MIG: 19:54:19 :  Invalid Param: DDR3_IDELAY_ADJ ==> "OFF"
MIG: 19:54:19 :  Invalid Param: DDR3_FINE_PER_BIT ==> "OFF"
MIG: 19:54:19 :  Invalid Param: DDR3_CENTER_COMP_MODE ==> "OFF"
MIG: 19:54:19 :  Invalid Param: DDR3_PI_VAL_ADJ ==> "OFF"
MIG: 19:54:19 :  Invalid Param: DDR3_IODELAY_GRP0 ==> "SOC_MIG_7SERIES_0_0_IODELAY_MIG0"
MIG: 19:54:19 :  Invalid Param: DDR3_IODELAY_GRP1 ==> "SOC_MIG_7SERIES_0_0_IODELAY_MIG1"
MIG: 19:54:19 :  Invalid Param: DDR3_SYSCLK_TYPE ==> "NO_BUFFER"
MIG: 19:54:19 :  Invalid Param: DDR3_REFCLK_TYPE ==> "NO_BUFFER"
MIG: 19:54:19 :  Invalid Param: DDR3_SYS_RST_PORT ==> "FALSE"
MIG: 19:54:19 :  Invalid Param: DDR3_FPGA_SPEED_GRADE ==> 2
MIG: 19:54:19 :  Invalid Param: DDR3_CMD_PIPE_PLUS1 ==> "ON"
MIG: 19:54:19 :  Invalid Param: DDR3_DRAM_TYPE ==> "DDR3"
MIG: 19:54:19 :  Invalid Param: DDR3_CAL_WIDTH ==> "HALF"
MIG: 19:54:19 :  Invalid Param: DDR3_STARVE_LIMIT ==> 2
MIG: 19:54:19 :  Invalid Param: DDR3_REF_CLK_MMCM_IODELAY_CTRL ==> "FALSE"
MIG: 19:54:19 :  Invalid Param: DDR3_REFCLK_FREQ ==> 200.0
MIG: 19:54:19 :  Invalid Param: DDR3_DIFF_TERM_REFCLK ==> "TRUE"
MIG: 19:54:19 :  Invalid Param: DDR3_tCK ==> 2500
MIG: 19:54:19 : 4
MIG: 19:54:19 :  Valid Param: DDR3_nCK_PER_CLK ==> 4
MIG: 19:54:19 :  Invalid Param: DDR3_DIFF_TERM_SYSCLK ==> "TRUE"
MIG: 19:54:19 : 
MIG: 19:54:19 :  Valid Param: UI_EXTRA_CLOCKS ==> FALSE
MIG: 19:54:19 : 1
MIG: 19:54:19 :  Valid Param: C_S_AXI_ID_WIDTH ==> 1
MIG: 19:54:19 : 134217728
MIG: 19:54:19 :  Valid Param: C_S_AXI_MEM_SIZE ==> 134217728
MIG: 19:54:19 : 27
MIG: 19:54:19 :  Valid Param: C_S_AXI_ADDR_WIDTH ==> 27
MIG: 19:54:19 : 128
MIG: 19:54:19 :  Valid Param: C_S_AXI_DATA_WIDTH ==> 128
MIG: 19:54:19 :  Invalid Param: DDR3_C_MC_nCK_PER_CLK ==> 4
MIG: 19:54:19 :  Invalid Param: C_S_AXI_SUPPORTS_NARROW_BURST ==> 1
MIG: 19:54:19 :  Invalid Param: DDR3_C_RD_WR_ARB_ALGORITHM ==> "RD_PRI_REG"
MIG: 19:54:19 :  Invalid Param: C_S_AXI_REG_EN0 ==> 20'h00000
MIG: 19:54:19 :  Invalid Param: C_S_AXI_REG_EN1 ==> 20'h00000
MIG: 19:54:19 : 
MIG: 19:54:19 :  Valid Param: C_S_AXI_CTRL_ADDR_WIDTH ==> 32
MIG: 19:54:19 : 
MIG: 19:54:19 :  Valid Param: C_S_AXI_CTRL_DATA_WIDTH ==> 32
MIG: 19:54:19 :  Invalid Param: C_S_AXI_BASEADDR ==> 32'h0000_0000
MIG: 19:54:19 :  Invalid Param: C_ECC_ONOFF_RESET_VALUE ==> 1
MIG: 19:54:19 :  Invalid Param: C_ECC_CE_COUNTER_WIDTH ==> 8
MIG: 19:54:19 : 
MIG: 19:54:19 :  Valid Param: DDR3_DEBUG_PORT ==> OFF
MIG: 19:54:19 : 
MIG: 19:54:19 :  Invalid Param: DDR3_TEMP_MON_CONTROL ==> "INTERNAL"
MIG: 19:54:19 :  Invalid Param: DDR3_FPGA_VOLT_TYPE ==> "N"
MIG: 19:54:19 :  Invalid Param: DDR3_RST_ACT_LOW ==> 1
MIG: 19:54:19 : NOBUF
MIG: 19:54:19 : NOBUF
MIG: 19:54:19 : 
MIG: 19:54:19 : Same Interface
MIG: 19:57:15 : Running synthesis.xit
MIG: 19:57:15 : IGN:     <ModuleName>soc_mig_7series_0_0</ModuleName> <==>     <ModuleName>soc_mig_7series_0_0</ModuleName> 
MIG: 19:57:15 : IGN:         <InputClkFreq>100</InputClkFreq> <==>         <InputClkFreq>100</InputClkFreq> 
MIG: 19:57:15 : ERR: </Project> <==>  
MIG: 19:57:15 : ################# RUNNING MIG BATCH ###################
MIG: 19:57:15 : Writing IN file for 'soc_mig_7series_0_0'...compDirPath: /home/user/.opt/Vivado/2018.1/data/ip/xilinx/mig_7series_v4_1... instDirPath: /home/user/soc_demo/run_vivado/soc_demo.srcs/sources_1/bd/soc/ip/soc_mig_7series_0_0
MIG: 19:57:15 : synp_flow:  -- synthesis_mode: Other
MIG: 19:57:15 : outputDirectory: /home/user/soc_demo/run_vivado/soc_demo.srcs/sources_1/bd/soc/ip/soc_mig_7series_0_0/_tmp/
MIG: 19:57:15 : vivado_mode: xpg_bd
MIG: 19:57:15 : isPortInterface: 0
MIG: 19:57:15 : isPortInterface: 0
MIG: 19:57:15 : isPortInterface: 0
MIG: 19:57:15 : isPortInterface: 0
MIG: 19:57:15 : isPortInterface: 0
MIG: 19:57:15 : isPortInterface: 0
MIG: 19:57:15 : isPortInterface: 0
MIG: 19:57:15 : isPortInterface: 0
MIG: 19:57:15 : isPortInterface: 0
MIG: 19:57:15 : isPortInterface: 0
MIG: 19:57:15 : isPortInterface: 0
MIG: 19:57:15 : isPortInterface: 0
MIG: 19:57:15 : isPortInterface: 0
MIG: 19:57:15 : isPortInterface: 0
MIG: 19:57:15 : isPortInterface: 0
MIG: 19:57:15 : isPortInterface: 0
MIG: 19:57:15 : isPortInterface: 0
MIG: 19:57:15 : isPortInterface: 0
MIG: 19:57:15 : isPortInterface: 0
MIG: 19:57:15 : isPortInterface: 0
MIG: 19:57:15 : isPortInterface: 0
MIG: 19:57:15 : isPortInterface: 0
MIG: 19:57:15 : isPortInterface: 0
MIG: 19:57:15 : isPortInterface: 0
MIG: 19:57:15 : isPortInterface: 0
MIG: 19:57:15 : isPortInterface: 0
MIG: 19:57:15 : isPortInterface: 0
MIG: 19:57:15 : isPortInterface: 0
MIG: 19:57:15 : isPortInterface: 0
MIG: 19:57:15 : isPortInterface: 0
MIG: 19:57:15 : isPortInterface: 0
MIG: 19:57:15 : isPortInterface: 0
MIG: 19:57:15 : isPortInterface: 0
MIG: 19:57:15 : isPortInterface: 0
MIG: 19:57:15 : isPortInterface: 0
MIG: 19:57:15 : isPortInterface: 0
MIG: 19:57:15 : isPortInterface: 0
MIG: 19:57:15 : isPortInterface: 0
MIG: 19:57:15 : isPortInterface: 0
MIG: 19:57:15 : isPortInterface: 0
MIG: 19:57:15 : isPortInterface: 0
MIG: 19:57:15 : isPortInterface: 0
MIG: 19:57:15 : isPortInterface: 0
MIG: 19:57:15 : isPortInterface: 0
MIG: 19:57:15 : isPortInterface: 0
MIG: 19:57:15 : isPortInterface: 0
MIG: 19:57:15 : isPortInterface: 0
MIG: 19:57:15 : isPortInterface: 0
MIG: 19:57:15 : isPortInterface: 0
MIG: 19:57:15 : isPortInterface: 0
MIG: 19:57:15 : isPortInterface: 0
MIG: 19:57:15 : isPortInterface: 0
MIG: 19:57:15 : isPortInterface: 0
MIG: 19:57:15 : isPortInterface: 0
MIG: 19:57:15 : isPortInterface: 0
MIG: 19:57:15 : isPortInterface: 0
MIG: 19:57:15 : isPortInterface: 0
MIG: 19:57:15 : isPortInterface: 0
MIG: 19:57:15 : isPortInterface: 0
MIG: 19:57:15 : isPortInterface: 0
MIG: 19:57:15 : isPortInterface: 0
MIG: 19:57:15 : isPortInterface: 0
MIG: 19:57:15 : isPortInterface: 0
MIG: 19:57:15 : isPortInterface: 0
MIG: 19:57:15 : isPortInterface: 0
MIG: 19:57:15 : isPortInterface: 0
MIG: 19:57:15 : isPortInterface: 0
MIG: 19:57:15 : isPortInterface: 0
MIG: 19:57:15 : isPortInterface: 0
MIG: 19:57:15 : isPortInterface: 0
MIG: 19:57:15 : isPortInterface: 0
MIG: 19:57:15 : isPortInterface: 0
MIG: 19:57:15 : isPortInterface: 0
MIG: 19:57:15 : isPortInterface: 0
MIG: 19:57:15 : isPortInterface: 0
MIG: 19:57:15 : isPortInterface: 0
MIG: 19:57:15 : isPortInterface: 0
MIG: 19:57:15 : isPortInterface: 0
MIG: 19:57:15 : isPortInterface: 0
MIG: 19:57:15 : isPortInterface: 0
MIG: 19:57:15 : isPortInterface: 0
MIG: 19:57:15 : isPortInterface: 0
MIG: 19:57:15 : isPortInterface: 0
MIG: 19:57:15 : isPortInterface: 0
MIG: 19:57:15 : isPortInterface: 0
MIG: 19:57:15 : isPortInterface: 0
MIG: 19:57:15 : isPortInterface: 0
MIG: 19:57:15 : isPortInterface: 0
MIG: 19:57:15 : isPortInterface: 0
MIG: 19:57:15 : isPortInterface: 0
MIG: 19:57:15 : isPortInterface: 0
MIG: 19:57:15 : isPortInterface: 0
MIG: 19:57:15 : isPortInterface: 0
MIG: 19:57:15 : isPortInterface: 0
MIG: 19:57:15 : isPortInterface: 0
MIG: 19:57:15 : isPortInterface: 0
MIG: 19:57:15 : isPortInterface: 0
MIG: 19:57:15 : isPortInterface: 0
MIG: 19:57:15 : isPortInterface: 0
MIG: 19:57:15 : isPortInterface: 0
MIG: 19:57:15 : isPortInterface: 0
MIG: 19:57:15 : isPortInterface: 0
MIG: 19:57:15 : isPortInterface: 0
MIG: 19:57:15 : isPortInterface: 0
MIG: 19:57:15 : isPortInterface: 0
MIG: 19:57:15 : isPortInterface: 0
MIG: 19:57:15 : isPortInterface: 0
MIG: 19:57:15 : isPortInterface: 0
MIG: 19:57:15 : isPortInterface: 0
MIG: 19:57:15 : isPortInterface: 0
MIG: 19:57:15 : isPortInterface: 0
MIG: 19:57:15 : isPortInterface: 0
MIG: 19:57:15 : isPortInterface: 0
MIG: 19:57:15 : isPortInterface: 0
MIG: 19:57:15 : isPortInterface: 0
MIG: 19:57:15 : isPortInterface: 0
MIG: 19:57:15 : isPortInterface: 0
MIG: 19:57:15 : isPortInterface: 0
MIG: 19:57:15 : isPortInterface: 0
MIG: 19:57:15 : isPortInterface: 0
MIG: 19:57:15 : isPortInterface: 0
MIG: 19:57:15 : isPortInterface: 0
MIG: 19:57:15 : isPortInterface: 1
MIG: 19:57:15 : isPortInterface: 0
MIG: 19:57:15 : isPortInterface: 0
MIG: 19:57:15 : isPortInterface: 0
MIG: 19:57:15 : isPortInterface: 0
MIG: 19:57:15 : isPortInterface: 0
MIG: 19:57:15 : isPortInterface: 0
MIG: 19:57:15 : isPortInterface: 0
MIG: 19:57:15 : isPortInterface: 0
MIG: 19:57:15 : isPortInterface: 0
MIG: 19:57:15 :  locked false  
MIG: 19:57:15 : HDL Language: Verilog
MIG: 19:57:15 : compInfo: false
MIG: 19:57:15 : Vivado Options xc7a200t fbg676 -2
MIG: 19:57:15 : 1: xc7a200t 2: fbg676 3: -2
MIG: 19:57:15 : relative mig path: coregen/ip/xilinx/other/com/xilinx/ip/mig_7series_v4_1/bin/lin64/mig
MIG: 19:57:15 : xilinx_path: /home/user/.opt/Vivado/2018.1/ids_lite/ISE
MIG: 19:57:15 : I am in catch area
MIG: 19:57:15 : Running /home/user/.opt/Vivado/2018.1/ids_lite/ISE/coregen/ip/xilinx/other/com/xilinx/ip/mig_7series_v4_1/bin/lin64/mig -cg_exc_inp /home/user/soc_demo/run_vivado/soc_demo.srcs/sources_1/bd/soc/ip/soc_mig_7series_0_0/xil_txt.in -cg_exc_out /home/user/soc_demo/run_vivado/soc_demo.srcs/sources_1/bd/soc/ip/soc_mig_7series_0_0/xil_txt.out ... 
MIG: 19:57:23 : XML_INPUT_FILE: /home/user/soc_demo/run_vivado/soc_demo.srcs/sources_1/bd/soc/ip/soc_mig_7series_0_0/mig_a.prj
MIG: 19:57:23 : Component_Name: soc_mig_7series_0_0
MIG: 19:57:23 : Moving soc_mig_7series_0_0_xmdf.tcl ...
MIG: 19:57:23 : Moving soc_mig_7series_0_0.veo ...
MIG: 19:57:23 : Moving soc_mig_7series_0_0 ...
MIG: 19:57:23 : Running vlog_synth_rpr.xit
MIG: 19:57:23 : IGN:     <ModuleName>soc_mig_7series_0_0</ModuleName> <==>     <ModuleName>soc_mig_7series_0_0</ModuleName> 
MIG: 19:57:23 : IGN:         <InputClkFreq>100</InputClkFreq> <==>         <InputClkFreq>100</InputClkFreq> 
MIG: 19:57:23 : ERR: </Project> <==>  
MIG: 19:57:23 : ################# RUNNING MIG BATCH ###################
MIG: 19:57:23 : Writing IN file for 'soc_mig_7series_0_0'...compDirPath: /home/user/.opt/Vivado/2018.1/data/ip/xilinx/mig_7series_v4_1... instDirPath: /home/user/soc_demo/run_vivado/soc_demo.srcs/sources_1/bd/soc/ip/soc_mig_7series_0_0
MIG: 19:57:23 : synp_flow:  -- synthesis_mode: Other
MIG: 19:57:23 : outputDirectory: /home/user/soc_demo/run_vivado/soc_demo.srcs/sources_1/bd/soc/ip/soc_mig_7series_0_0/_tmp/
MIG: 19:57:23 : vivado_mode: xpg_bd
MIG: 19:57:23 : isPortInterface: 0
MIG: 19:57:23 : isPortInterface: 0
MIG: 19:57:23 : isPortInterface: 0
MIG: 19:57:23 : isPortInterface: 0
MIG: 19:57:23 : isPortInterface: 0
MIG: 19:57:23 : isPortInterface: 0
MIG: 19:57:23 : isPortInterface: 0
MIG: 19:57:23 : isPortInterface: 0
MIG: 19:57:23 : isPortInterface: 0
MIG: 19:57:23 : isPortInterface: 0
MIG: 19:57:23 : isPortInterface: 0
MIG: 19:57:23 : isPortInterface: 0
MIG: 19:57:23 : isPortInterface: 0
MIG: 19:57:23 : isPortInterface: 0
MIG: 19:57:23 : isPortInterface: 0
MIG: 19:57:23 : isPortInterface: 0
MIG: 19:57:23 : isPortInterface: 0
MIG: 19:57:23 : isPortInterface: 0
MIG: 19:57:23 : isPortInterface: 0
MIG: 19:57:23 : isPortInterface: 0
MIG: 19:57:23 : isPortInterface: 0
MIG: 19:57:23 : isPortInterface: 0
MIG: 19:57:23 : isPortInterface: 0
MIG: 19:57:23 : isPortInterface: 0
MIG: 19:57:23 : isPortInterface: 0
MIG: 19:57:23 : isPortInterface: 0
MIG: 19:57:23 : isPortInterface: 0
MIG: 19:57:23 : isPortInterface: 0
MIG: 19:57:23 : isPortInterface: 0
MIG: 19:57:23 : isPortInterface: 0
MIG: 19:57:23 : isPortInterface: 0
MIG: 19:57:23 : isPortInterface: 0
MIG: 19:57:23 : isPortInterface: 0
MIG: 19:57:23 : isPortInterface: 0
MIG: 19:57:23 : isPortInterface: 0
MIG: 19:57:23 : isPortInterface: 0
MIG: 19:57:23 : isPortInterface: 0
MIG: 19:57:23 : isPortInterface: 0
MIG: 19:57:23 : isPortInterface: 0
MIG: 19:57:23 : isPortInterface: 0
MIG: 19:57:23 : isPortInterface: 0
MIG: 19:57:23 : isPortInterface: 0
MIG: 19:57:23 : isPortInterface: 0
MIG: 19:57:23 : isPortInterface: 0
MIG: 19:57:23 : isPortInterface: 0
MIG: 19:57:23 : isPortInterface: 0
MIG: 19:57:23 : isPortInterface: 0
MIG: 19:57:23 : isPortInterface: 0
MIG: 19:57:23 : isPortInterface: 0
MIG: 19:57:23 : isPortInterface: 0
MIG: 19:57:23 : isPortInterface: 0
MIG: 19:57:23 : isPortInterface: 0
MIG: 19:57:23 : isPortInterface: 0
MIG: 19:57:23 : isPortInterface: 0
MIG: 19:57:23 : isPortInterface: 0
MIG: 19:57:23 : isPortInterface: 0
MIG: 19:57:23 : isPortInterface: 0
MIG: 19:57:23 : isPortInterface: 0
MIG: 19:57:23 : isPortInterface: 0
MIG: 19:57:23 : isPortInterface: 0
MIG: 19:57:23 : isPortInterface: 0
MIG: 19:57:23 : isPortInterface: 0
MIG: 19:57:23 : isPortInterface: 0
MIG: 19:57:23 : isPortInterface: 0
MIG: 19:57:23 : isPortInterface: 0
MIG: 19:57:23 : isPortInterface: 0
MIG: 19:57:23 : isPortInterface: 0
MIG: 19:57:23 : isPortInterface: 0
MIG: 19:57:23 : isPortInterface: 0
MIG: 19:57:23 : isPortInterface: 0
MIG: 19:57:23 : isPortInterface: 0
MIG: 19:57:23 : isPortInterface: 0
MIG: 19:57:23 : isPortInterface: 0
MIG: 19:57:23 : isPortInterface: 0
MIG: 19:57:23 : isPortInterface: 0
MIG: 19:57:23 : isPortInterface: 0
MIG: 19:57:23 : isPortInterface: 0
MIG: 19:57:23 : isPortInterface: 0
MIG: 19:57:23 : isPortInterface: 0
MIG: 19:57:23 : isPortInterface: 0
MIG: 19:57:23 : isPortInterface: 0
MIG: 19:57:23 : isPortInterface: 0
MIG: 19:57:23 : isPortInterface: 0
MIG: 19:57:23 : isPortInterface: 0
MIG: 19:57:23 : isPortInterface: 0
MIG: 19:57:23 : isPortInterface: 0
MIG: 19:57:23 : isPortInterface: 0
MIG: 19:57:23 : isPortInterface: 0
MIG: 19:57:23 : isPortInterface: 0
MIG: 19:57:23 : isPortInterface: 0
MIG: 19:57:23 : isPortInterface: 0
MIG: 19:57:23 : isPortInterface: 0
MIG: 19:57:23 : isPortInterface: 0
MIG: 19:57:23 : isPortInterface: 0
MIG: 19:57:23 : isPortInterface: 0
MIG: 19:57:23 : isPortInterface: 0
MIG: 19:57:23 : isPortInterface: 0
MIG: 19:57:23 : isPortInterface: 0
MIG: 19:57:23 : isPortInterface: 0
MIG: 19:57:23 : isPortInterface: 0
MIG: 19:57:23 : isPortInterface: 0
MIG: 19:57:23 : isPortInterface: 0
MIG: 19:57:23 : isPortInterface: 0
MIG: 19:57:23 : isPortInterface: 0
MIG: 19:57:23 : isPortInterface: 0
MIG: 19:57:23 : isPortInterface: 0
MIG: 19:57:23 : isPortInterface: 0
MIG: 19:57:23 : isPortInterface: 0
MIG: 19:57:23 : isPortInterface: 0
MIG: 19:57:23 : isPortInterface: 0
MIG: 19:57:23 : isPortInterface: 0
MIG: 19:57:23 : isPortInterface: 0
MIG: 19:57:23 : isPortInterface: 0
MIG: 19:57:23 : isPortInterface: 0
MIG: 19:57:23 : isPortInterface: 0
MIG: 19:57:23 : isPortInterface: 0
MIG: 19:57:23 : isPortInterface: 0
MIG: 19:57:23 : isPortInterface: 0
MIG: 19:57:23 : isPortInterface: 0
MIG: 19:57:23 : isPortInterface: 0
MIG: 19:57:23 : isPortInterface: 0
MIG: 19:57:23 : isPortInterface: 0
MIG: 19:57:23 : isPortInterface: 1
MIG: 19:57:23 : isPortInterface: 0
MIG: 19:57:23 : isPortInterface: 0
MIG: 19:57:23 : isPortInterface: 0
MIG: 19:57:23 : isPortInterface: 0
MIG: 19:57:23 : isPortInterface: 0
MIG: 19:57:23 : isPortInterface: 0
MIG: 19:57:23 : isPortInterface: 0
MIG: 19:57:23 : isPortInterface: 0
MIG: 19:57:23 : isPortInterface: 0
MIG: 19:57:23 :  locked false  
MIG: 19:57:23 : HDL Language: Verilog
MIG: 19:57:23 : compInfo: false
MIG: 19:57:23 : Vivado Options xc7a200t fbg676 -2
MIG: 19:57:23 : 1: xc7a200t 2: fbg676 3: -2
MIG: 19:57:23 : relative mig path: coregen/ip/xilinx/other/com/xilinx/ip/mig_7series_v4_1/bin/lin64/mig
MIG: 19:57:23 : xilinx_path: /home/user/.opt/Vivado/2018.1/ids_lite/ISE
MIG: 19:57:23 : I am in catch area
MIG: 19:57:23 : Running /home/user/.opt/Vivado/2018.1/ids_lite/ISE/coregen/ip/xilinx/other/com/xilinx/ip/mig_7series_v4_1/bin/lin64/mig -cg_exc_inp /home/user/soc_demo/run_vivado/soc_demo.srcs/sources_1/bd/soc/ip/soc_mig_7series_0_0/xil_txt.in -cg_exc_out /home/user/soc_demo/run_vivado/soc_demo.srcs/sources_1/bd/soc/ip/soc_mig_7series_0_0/xil_txt.out ... 
MIG: 19:57:31 : XML_INPUT_FILE: /home/user/soc_demo/run_vivado/soc_demo.srcs/sources_1/bd/soc/ip/soc_mig_7series_0_0/mig_a.prj
MIG: 19:57:31 : Component_Name: soc_mig_7series_0_0
MIG: 19:57:31 : Moving soc_mig_7series_0_0_xmdf.tcl ...
MIG: 19:57:31 : Moving soc_mig_7series_0_0.veo ...
MIG: 19:57:31 : Moving soc_mig_7series_0_0 ...
MIG: 19:57:31 : Running simulation.xit
MIG: 19:57:31 : IGN:     <ModuleName>soc_mig_7series_0_0</ModuleName> <==>     <ModuleName>soc_mig_7series_0_0</ModuleName> 
MIG: 19:57:31 : IGN:         <InputClkFreq>100</InputClkFreq> <==>         <InputClkFreq>100</InputClkFreq> 
MIG: 19:57:31 : ERR: </Project> <==>  
MIG: 19:57:31 : ################# RUNNING MIG BATCH ###################
MIG: 19:57:31 : Writing IN file for 'soc_mig_7series_0_0'...compDirPath: /home/user/.opt/Vivado/2018.1/data/ip/xilinx/mig_7series_v4_1... instDirPath: /home/user/soc_demo/run_vivado/soc_demo.srcs/sources_1/bd/soc/ip/soc_mig_7series_0_0
MIG: 19:57:31 : synp_flow:  -- synthesis_mode: Other
MIG: 19:57:31 : outputDirectory: /home/user/soc_demo/run_vivado/soc_demo.srcs/sources_1/bd/soc/ip/soc_mig_7series_0_0/_tmp/
MIG: 19:57:31 : vivado_mode: xpg_bd
MIG: 19:57:31 : isPortInterface: 0
MIG: 19:57:31 : isPortInterface: 0
MIG: 19:57:31 : isPortInterface: 0
MIG: 19:57:31 : isPortInterface: 0
MIG: 19:57:31 : isPortInterface: 0
MIG: 19:57:31 : isPortInterface: 0
MIG: 19:57:31 : isPortInterface: 0
MIG: 19:57:31 : isPortInterface: 0
MIG: 19:57:31 : isPortInterface: 0
MIG: 19:57:31 : isPortInterface: 0
MIG: 19:57:31 : isPortInterface: 0
MIG: 19:57:31 : isPortInterface: 0
MIG: 19:57:31 : isPortInterface: 0
MIG: 19:57:31 : isPortInterface: 0
MIG: 19:57:31 : isPortInterface: 0
MIG: 19:57:31 : isPortInterface: 0
MIG: 19:57:31 : isPortInterface: 0
MIG: 19:57:31 : isPortInterface: 0
MIG: 19:57:31 : isPortInterface: 0
MIG: 19:57:31 : isPortInterface: 0
MIG: 19:57:31 : isPortInterface: 0
MIG: 19:57:31 : isPortInterface: 0
MIG: 19:57:31 : isPortInterface: 0
MIG: 19:57:31 : isPortInterface: 0
MIG: 19:57:31 : isPortInterface: 0
MIG: 19:57:31 : isPortInterface: 0
MIG: 19:57:31 : isPortInterface: 0
MIG: 19:57:31 : isPortInterface: 0
MIG: 19:57:31 : isPortInterface: 0
MIG: 19:57:31 : isPortInterface: 0
MIG: 19:57:31 : isPortInterface: 0
MIG: 19:57:31 : isPortInterface: 0
MIG: 19:57:31 : isPortInterface: 0
MIG: 19:57:31 : isPortInterface: 0
MIG: 19:57:31 : isPortInterface: 0
MIG: 19:57:31 : isPortInterface: 0
MIG: 19:57:31 : isPortInterface: 0
MIG: 19:57:31 : isPortInterface: 0
MIG: 19:57:31 : isPortInterface: 0
MIG: 19:57:31 : isPortInterface: 0
MIG: 19:57:31 : isPortInterface: 0
MIG: 19:57:31 : isPortInterface: 0
MIG: 19:57:31 : isPortInterface: 0
MIG: 19:57:31 : isPortInterface: 0
MIG: 19:57:31 : isPortInterface: 0
MIG: 19:57:31 : isPortInterface: 0
MIG: 19:57:31 : isPortInterface: 0
MIG: 19:57:31 : isPortInterface: 0
MIG: 19:57:31 : isPortInterface: 0
MIG: 19:57:31 : isPortInterface: 0
MIG: 19:57:31 : isPortInterface: 0
MIG: 19:57:31 : isPortInterface: 0
MIG: 19:57:31 : isPortInterface: 0
MIG: 19:57:31 : isPortInterface: 0
MIG: 19:57:31 : isPortInterface: 0
MIG: 19:57:31 : isPortInterface: 0
MIG: 19:57:31 : isPortInterface: 0
MIG: 19:57:31 : isPortInterface: 0
MIG: 19:57:31 : isPortInterface: 0
MIG: 19:57:31 : isPortInterface: 0
MIG: 19:57:31 : isPortInterface: 0
MIG: 19:57:31 : isPortInterface: 0
MIG: 19:57:31 : isPortInterface: 0
MIG: 19:57:31 : isPortInterface: 0
MIG: 19:57:31 : isPortInterface: 0
MIG: 19:57:31 : isPortInterface: 0
MIG: 19:57:31 : isPortInterface: 0
MIG: 19:57:31 : isPortInterface: 0
MIG: 19:57:31 : isPortInterface: 0
MIG: 19:57:31 : isPortInterface: 0
MIG: 19:57:31 : isPortInterface: 0
MIG: 19:57:31 : isPortInterface: 0
MIG: 19:57:31 : isPortInterface: 0
MIG: 19:57:31 : isPortInterface: 0
MIG: 19:57:31 : isPortInterface: 0
MIG: 19:57:31 : isPortInterface: 0
MIG: 19:57:31 : isPortInterface: 0
MIG: 19:57:31 : isPortInterface: 0
MIG: 19:57:31 : isPortInterface: 0
MIG: 19:57:31 : isPortInterface: 0
MIG: 19:57:31 : isPortInterface: 0
MIG: 19:57:31 : isPortInterface: 0
MIG: 19:57:31 : isPortInterface: 0
MIG: 19:57:31 : isPortInterface: 0
MIG: 19:57:31 : isPortInterface: 0
MIG: 19:57:31 : isPortInterface: 0
MIG: 19:57:31 : isPortInterface: 0
MIG: 19:57:31 : isPortInterface: 0
MIG: 19:57:31 : isPortInterface: 0
MIG: 19:57:31 : isPortInterface: 0
MIG: 19:57:31 : isPortInterface: 0
MIG: 19:57:31 : isPortInterface: 0
MIG: 19:57:31 : isPortInterface: 0
MIG: 19:57:31 : isPortInterface: 0
MIG: 19:57:31 : isPortInterface: 0
MIG: 19:57:31 : isPortInterface: 0
MIG: 19:57:31 : isPortInterface: 0
MIG: 19:57:31 : isPortInterface: 0
MIG: 19:57:31 : isPortInterface: 0
MIG: 19:57:31 : isPortInterface: 0
MIG: 19:57:31 : isPortInterface: 0
MIG: 19:57:31 : isPortInterface: 0
MIG: 19:57:31 : isPortInterface: 0
MIG: 19:57:31 : isPortInterface: 0
MIG: 19:57:31 : isPortInterface: 0
MIG: 19:57:31 : isPortInterface: 0
MIG: 19:57:31 : isPortInterface: 0
MIG: 19:57:31 : isPortInterface: 0
MIG: 19:57:31 : isPortInterface: 0
MIG: 19:57:31 : isPortInterface: 0
MIG: 19:57:31 : isPortInterface: 0
MIG: 19:57:31 : isPortInterface: 0
MIG: 19:57:31 : isPortInterface: 0
MIG: 19:57:31 : isPortInterface: 0
MIG: 19:57:31 : isPortInterface: 0
MIG: 19:57:31 : isPortInterface: 0
MIG: 19:57:31 : isPortInterface: 0
MIG: 19:57:31 : isPortInterface: 0
MIG: 19:57:31 : isPortInterface: 0
MIG: 19:57:31 : isPortInterface: 0
MIG: 19:57:31 : isPortInterface: 0
MIG: 19:57:31 : isPortInterface: 0
MIG: 19:57:31 : isPortInterface: 1
MIG: 19:57:31 : isPortInterface: 0
MIG: 19:57:31 : isPortInterface: 0
MIG: 19:57:31 : isPortInterface: 0
MIG: 19:57:31 : isPortInterface: 0
MIG: 19:57:31 : isPortInterface: 0
MIG: 19:57:31 : isPortInterface: 0
MIG: 19:57:31 : isPortInterface: 0
MIG: 19:57:31 : isPortInterface: 0
MIG: 19:57:31 : isPortInterface: 0
MIG: 19:57:31 :  locked false  
MIG: 19:57:31 : HDL Language: Verilog
MIG: 19:57:31 : compInfo: false
MIG: 19:57:31 : Vivado Options xc7a200t fbg676 -2
MIG: 19:57:31 : 1: xc7a200t 2: fbg676 3: -2
MIG: 19:57:31 : relative mig path: coregen/ip/xilinx/other/com/xilinx/ip/mig_7series_v4_1/bin/lin64/mig
MIG: 19:57:31 : xilinx_path: /home/user/.opt/Vivado/2018.1/ids_lite/ISE
MIG: 19:57:31 : I am in catch area
MIG: 19:57:31 : Running /home/user/.opt/Vivado/2018.1/ids_lite/ISE/coregen/ip/xilinx/other/com/xilinx/ip/mig_7series_v4_1/bin/lin64/mig -cg_exc_inp /home/user/soc_demo/run_vivado/soc_demo.srcs/sources_1/bd/soc/ip/soc_mig_7series_0_0/xil_txt.in -cg_exc_out /home/user/soc_demo/run_vivado/soc_demo.srcs/sources_1/bd/soc/ip/soc_mig_7series_0_0/xil_txt.out ... 
MIG: 19:57:39 : XML_INPUT_FILE: /home/user/soc_demo/run_vivado/soc_demo.srcs/sources_1/bd/soc/ip/soc_mig_7series_0_0/mig_a.prj
MIG: 19:57:39 : Component_Name: soc_mig_7series_0_0
MIG: 19:57:39 : Moving soc_mig_7series_0_0_xmdf.tcl ...
MIG: 19:57:39 : Moving soc_mig_7series_0_0.veo ...
MIG: 19:57:39 : Moving soc_mig_7series_0_0 ...
MIG: 19:57:39 : Running vlog_sim_rpr.xit .. PRASAD DBG1
MIG: 19:57:39 : IGN:     <ModuleName>soc_mig_7series_0_0</ModuleName> <==>     <ModuleName>soc_mig_7series_0_0</ModuleName> 
MIG: 19:57:39 : IGN:         <InputClkFreq>100</InputClkFreq> <==>         <InputClkFreq>100</InputClkFreq> 
MIG: 19:57:39 : ERR: </Project> <==>  
MIG: 19:57:39 : ################# RUNNING MIG BATCH ###################
MIG: 19:57:39 : Writing IN file for 'soc_mig_7series_0_0'...compDirPath: /home/user/.opt/Vivado/2018.1/data/ip/xilinx/mig_7series_v4_1... instDirPath: /home/user/soc_demo/run_vivado/soc_demo.srcs/sources_1/bd/soc/ip/soc_mig_7series_0_0
MIG: 19:57:39 : synp_flow:  -- synthesis_mode: Other
MIG: 19:57:39 : outputDirectory: /home/user/soc_demo/run_vivado/soc_demo.srcs/sources_1/bd/soc/ip/soc_mig_7series_0_0/_tmp/
MIG: 19:57:39 : vivado_mode: xpg_bd
MIG: 19:57:39 : isPortInterface: 0
MIG: 19:57:39 : isPortInterface: 0
MIG: 19:57:39 : isPortInterface: 0
MIG: 19:57:39 : isPortInterface: 0
MIG: 19:57:39 : isPortInterface: 0
MIG: 19:57:39 : isPortInterface: 0
MIG: 19:57:39 : isPortInterface: 0
MIG: 19:57:39 : isPortInterface: 0
MIG: 19:57:39 : isPortInterface: 0
MIG: 19:57:39 : isPortInterface: 0
MIG: 19:57:39 : isPortInterface: 0
MIG: 19:57:39 : isPortInterface: 0
MIG: 19:57:39 : isPortInterface: 0
MIG: 19:57:39 : isPortInterface: 0
MIG: 19:57:39 : isPortInterface: 0
MIG: 19:57:39 : isPortInterface: 0
MIG: 19:57:39 : isPortInterface: 0
MIG: 19:57:39 : isPortInterface: 0
MIG: 19:57:39 : isPortInterface: 0
MIG: 19:57:39 : isPortInterface: 0
MIG: 19:57:39 : isPortInterface: 0
MIG: 19:57:39 : isPortInterface: 0
MIG: 19:57:39 : isPortInterface: 0
MIG: 19:57:39 : isPortInterface: 0
MIG: 19:57:39 : isPortInterface: 0
MIG: 19:57:39 : isPortInterface: 0
MIG: 19:57:39 : isPortInterface: 0
MIG: 19:57:39 : isPortInterface: 0
MIG: 19:57:39 : isPortInterface: 0
MIG: 19:57:39 : isPortInterface: 0
MIG: 19:57:39 : isPortInterface: 0
MIG: 19:57:39 : isPortInterface: 0
MIG: 19:57:39 : isPortInterface: 0
MIG: 19:57:39 : isPortInterface: 0
MIG: 19:57:39 : isPortInterface: 0
MIG: 19:57:39 : isPortInterface: 0
MIG: 19:57:39 : isPortInterface: 0
MIG: 19:57:39 : isPortInterface: 0
MIG: 19:57:39 : isPortInterface: 0
MIG: 19:57:39 : isPortInterface: 0
MIG: 19:57:39 : isPortInterface: 0
MIG: 19:57:39 : isPortInterface: 0
MIG: 19:57:39 : isPortInterface: 0
MIG: 19:57:39 : isPortInterface: 0
MIG: 19:57:39 : isPortInterface: 0
MIG: 19:57:39 : isPortInterface: 0
MIG: 19:57:39 : isPortInterface: 0
MIG: 19:57:39 : isPortInterface: 0
MIG: 19:57:39 : isPortInterface: 0
MIG: 19:57:39 : isPortInterface: 0
MIG: 19:57:39 : isPortInterface: 0
MIG: 19:57:39 : isPortInterface: 0
MIG: 19:57:39 : isPortInterface: 0
MIG: 19:57:39 : isPortInterface: 0
MIG: 19:57:39 : isPortInterface: 0
MIG: 19:57:39 : isPortInterface: 0
MIG: 19:57:39 : isPortInterface: 0
MIG: 19:57:39 : isPortInterface: 0
MIG: 19:57:39 : isPortInterface: 0
MIG: 19:57:39 : isPortInterface: 0
MIG: 19:57:39 : isPortInterface: 0
MIG: 19:57:39 : isPortInterface: 0
MIG: 19:57:39 : isPortInterface: 0
MIG: 19:57:39 : isPortInterface: 0
MIG: 19:57:39 : isPortInterface: 0
MIG: 19:57:39 : isPortInterface: 0
MIG: 19:57:39 : isPortInterface: 0
MIG: 19:57:39 : isPortInterface: 0
MIG: 19:57:39 : isPortInterface: 0
MIG: 19:57:39 : isPortInterface: 0
MIG: 19:57:39 : isPortInterface: 0
MIG: 19:57:39 : isPortInterface: 0
MIG: 19:57:39 : isPortInterface: 0
MIG: 19:57:39 : isPortInterface: 0
MIG: 19:57:39 : isPortInterface: 0
MIG: 19:57:39 : isPortInterface: 0
MIG: 19:57:39 : isPortInterface: 0
MIG: 19:57:39 : isPortInterface: 0
MIG: 19:57:39 : isPortInterface: 0
MIG: 19:57:39 : isPortInterface: 0
MIG: 19:57:39 : isPortInterface: 0
MIG: 19:57:39 : isPortInterface: 0
MIG: 19:57:39 : isPortInterface: 0
MIG: 19:57:39 : isPortInterface: 0
MIG: 19:57:39 : isPortInterface: 0
MIG: 19:57:39 : isPortInterface: 0
MIG: 19:57:39 : isPortInterface: 0
MIG: 19:57:39 : isPortInterface: 0
MIG: 19:57:39 : isPortInterface: 0
MIG: 19:57:39 : isPortInterface: 0
MIG: 19:57:39 : isPortInterface: 0
MIG: 19:57:39 : isPortInterface: 0
MIG: 19:57:39 : isPortInterface: 0
MIG: 19:57:39 : isPortInterface: 0
MIG: 19:57:39 : isPortInterface: 0
MIG: 19:57:39 : isPortInterface: 0
MIG: 19:57:39 : isPortInterface: 0
MIG: 19:57:39 : isPortInterface: 0
MIG: 19:57:39 : isPortInterface: 0
MIG: 19:57:39 : isPortInterface: 0
MIG: 19:57:39 : isPortInterface: 0
MIG: 19:57:39 : isPortInterface: 0
MIG: 19:57:39 : isPortInterface: 0
MIG: 19:57:39 : isPortInterface: 0
MIG: 19:57:39 : isPortInterface: 0
MIG: 19:57:39 : isPortInterface: 0
MIG: 19:57:39 : isPortInterface: 0
MIG: 19:57:39 : isPortInterface: 0
MIG: 19:57:39 : isPortInterface: 0
MIG: 19:57:39 : isPortInterface: 0
MIG: 19:57:39 : isPortInterface: 0
MIG: 19:57:39 : isPortInterface: 0
MIG: 19:57:39 : isPortInterface: 0
MIG: 19:57:39 : isPortInterface: 0
MIG: 19:57:39 : isPortInterface: 0
MIG: 19:57:39 : isPortInterface: 0
MIG: 19:57:39 : isPortInterface: 0
MIG: 19:57:39 : isPortInterface: 0
MIG: 19:57:39 : isPortInterface: 0
MIG: 19:57:39 : isPortInterface: 0
MIG: 19:57:39 : isPortInterface: 0
MIG: 19:57:39 : isPortInterface: 0
MIG: 19:57:39 : isPortInterface: 1
MIG: 19:57:39 : isPortInterface: 0
MIG: 19:57:39 : isPortInterface: 0
MIG: 19:57:39 : isPortInterface: 0
MIG: 19:57:39 : isPortInterface: 0
MIG: 19:57:39 : isPortInterface: 0
MIG: 19:57:39 : isPortInterface: 0
MIG: 19:57:39 : isPortInterface: 0
MIG: 19:57:39 : isPortInterface: 0
MIG: 19:57:39 : isPortInterface: 0
MIG: 19:57:39 :  locked false  
MIG: 19:57:39 : HDL Language: Verilog
MIG: 19:57:39 : compInfo: false
MIG: 19:57:39 : Vivado Options xc7a200t fbg676 -2
MIG: 19:57:39 : 1: xc7a200t 2: fbg676 3: -2
MIG: 19:57:39 : relative mig path: coregen/ip/xilinx/other/com/xilinx/ip/mig_7series_v4_1/bin/lin64/mig
MIG: 19:57:39 : xilinx_path: /home/user/.opt/Vivado/2018.1/ids_lite/ISE
MIG: 19:57:39 : I am in catch area
MIG: 19:57:39 : Running /home/user/.opt/Vivado/2018.1/ids_lite/ISE/coregen/ip/xilinx/other/com/xilinx/ip/mig_7series_v4_1/bin/lin64/mig -cg_exc_inp /home/user/soc_demo/run_vivado/soc_demo.srcs/sources_1/bd/soc/ip/soc_mig_7series_0_0/xil_txt.in -cg_exc_out /home/user/soc_demo/run_vivado/soc_demo.srcs/sources_1/bd/soc/ip/soc_mig_7series_0_0/xil_txt.out ... 
MIG: 19:57:46 : XML_INPUT_FILE: /home/user/soc_demo/run_vivado/soc_demo.srcs/sources_1/bd/soc/ip/soc_mig_7series_0_0/mig_a.prj
MIG: 19:57:46 : Component_Name: soc_mig_7series_0_0
MIG: 19:57:46 : Moving soc_mig_7series_0_0_xmdf.tcl ...
MIG: 19:57:46 : Moving soc_mig_7series_0_0.veo ...
MIG: 19:57:46 : Moving soc_mig_7series_0_0 ...
MIG: 19:57:47 : Running implementation.xit
MIG: 19:57:47 : IGN:     <ModuleName>soc_mig_7series_0_0</ModuleName> <==>     <ModuleName>soc_mig_7series_0_0</ModuleName> 
MIG: 19:57:47 : IGN:         <InputClkFreq>100</InputClkFreq> <==>         <InputClkFreq>100</InputClkFreq> 
MIG: 19:57:47 : ERR: </Project> <==>  
MIG: 19:57:47 : ################# RUNNING MIG BATCH ###################
MIG: 19:57:47 : Writing IN file for 'soc_mig_7series_0_0'...compDirPath: /home/user/.opt/Vivado/2018.1/data/ip/xilinx/mig_7series_v4_1... instDirPath: /home/user/soc_demo/run_vivado/soc_demo.srcs/sources_1/bd/soc/ip/soc_mig_7series_0_0
MIG: 19:57:47 : synp_flow:  -- synthesis_mode: Other
MIG: 19:57:47 : outputDirectory: /home/user/soc_demo/run_vivado/soc_demo.srcs/sources_1/bd/soc/ip/soc_mig_7series_0_0/_tmp/
MIG: 19:57:47 : vivado_mode: xpg_bd
MIG: 19:57:47 : isPortInterface: 0
MIG: 19:57:47 : isPortInterface: 0
MIG: 19:57:47 : isPortInterface: 0
MIG: 19:57:47 : isPortInterface: 0
MIG: 19:57:47 : isPortInterface: 0
MIG: 19:57:47 : isPortInterface: 0
MIG: 19:57:47 : isPortInterface: 0
MIG: 19:57:47 : isPortInterface: 0
MIG: 19:57:47 : isPortInterface: 0
MIG: 19:57:47 : isPortInterface: 0
MIG: 19:57:47 : isPortInterface: 0
MIG: 19:57:47 : isPortInterface: 0
MIG: 19:57:47 : isPortInterface: 0
MIG: 19:57:47 : isPortInterface: 0
MIG: 19:57:47 : isPortInterface: 0
MIG: 19:57:47 : isPortInterface: 0
MIG: 19:57:47 : isPortInterface: 0
MIG: 19:57:47 : isPortInterface: 0
MIG: 19:57:47 : isPortInterface: 0
MIG: 19:57:47 : isPortInterface: 0
MIG: 19:57:47 : isPortInterface: 0
MIG: 19:57:47 : isPortInterface: 0
MIG: 19:57:47 : isPortInterface: 0
MIG: 19:57:47 : isPortInterface: 0
MIG: 19:57:47 : isPortInterface: 0
MIG: 19:57:47 : isPortInterface: 0
MIG: 19:57:47 : isPortInterface: 0
MIG: 19:57:47 : isPortInterface: 0
MIG: 19:57:47 : isPortInterface: 0
MIG: 19:57:47 : isPortInterface: 0
MIG: 19:57:47 : isPortInterface: 0
MIG: 19:57:47 : isPortInterface: 0
MIG: 19:57:47 : isPortInterface: 0
MIG: 19:57:47 : isPortInterface: 0
MIG: 19:57:47 : isPortInterface: 0
MIG: 19:57:47 : isPortInterface: 0
MIG: 19:57:47 : isPortInterface: 0
MIG: 19:57:47 : isPortInterface: 0
MIG: 19:57:47 : isPortInterface: 0
MIG: 19:57:47 : isPortInterface: 0
MIG: 19:57:47 : isPortInterface: 0
MIG: 19:57:47 : isPortInterface: 0
MIG: 19:57:47 : isPortInterface: 0
MIG: 19:57:47 : isPortInterface: 0
MIG: 19:57:47 : isPortInterface: 0
MIG: 19:57:47 : isPortInterface: 0
MIG: 19:57:47 : isPortInterface: 0
MIG: 19:57:47 : isPortInterface: 0
MIG: 19:57:47 : isPortInterface: 0
MIG: 19:57:47 : isPortInterface: 0
MIG: 19:57:47 : isPortInterface: 0
MIG: 19:57:47 : isPortInterface: 0
MIG: 19:57:47 : isPortInterface: 0
MIG: 19:57:47 : isPortInterface: 0
MIG: 19:57:47 : isPortInterface: 0
MIG: 19:57:47 : isPortInterface: 0
MIG: 19:57:47 : isPortInterface: 0
MIG: 19:57:47 : isPortInterface: 0
MIG: 19:57:47 : isPortInterface: 0
MIG: 19:57:47 : isPortInterface: 0
MIG: 19:57:47 : isPortInterface: 0
MIG: 19:57:47 : isPortInterface: 0
MIG: 19:57:47 : isPortInterface: 0
MIG: 19:57:47 : isPortInterface: 0
MIG: 19:57:47 : isPortInterface: 0
MIG: 19:57:47 : isPortInterface: 0
MIG: 19:57:47 : isPortInterface: 0
MIG: 19:57:47 : isPortInterface: 0
MIG: 19:57:47 : isPortInterface: 0
MIG: 19:57:47 : isPortInterface: 0
MIG: 19:57:47 : isPortInterface: 0
MIG: 19:57:47 : isPortInterface: 0
MIG: 19:57:47 : isPortInterface: 0
MIG: 19:57:47 : isPortInterface: 0
MIG: 19:57:47 : isPortInterface: 0
MIG: 19:57:47 : isPortInterface: 0
MIG: 19:57:47 : isPortInterface: 0
MIG: 19:57:47 : isPortInterface: 0
MIG: 19:57:47 : isPortInterface: 0
MIG: 19:57:47 : isPortInterface: 0
MIG: 19:57:47 : isPortInterface: 0
MIG: 19:57:47 : isPortInterface: 0
MIG: 19:57:47 : isPortInterface: 0
MIG: 19:57:47 : isPortInterface: 0
MIG: 19:57:47 : isPortInterface: 0
MIG: 19:57:47 : isPortInterface: 0
MIG: 19:57:47 : isPortInterface: 0
MIG: 19:57:47 : isPortInterface: 0
MIG: 19:57:47 : isPortInterface: 0
MIG: 19:57:47 : isPortInterface: 0
MIG: 19:57:47 : isPortInterface: 0
MIG: 19:57:47 : isPortInterface: 0
MIG: 19:57:47 : isPortInterface: 0
MIG: 19:57:47 : isPortInterface: 0
MIG: 19:57:47 : isPortInterface: 0
MIG: 19:57:47 : isPortInterface: 0
MIG: 19:57:47 : isPortInterface: 0
MIG: 19:57:47 : isPortInterface: 0
MIG: 19:57:47 : isPortInterface: 0
MIG: 19:57:47 : isPortInterface: 0
MIG: 19:57:47 : isPortInterface: 0
MIG: 19:57:47 : isPortInterface: 0
MIG: 19:57:47 : isPortInterface: 0
MIG: 19:57:47 : isPortInterface: 0
MIG: 19:57:47 : isPortInterface: 0
MIG: 19:57:47 : isPortInterface: 0
MIG: 19:57:47 : isPortInterface: 0
MIG: 19:57:47 : isPortInterface: 0
MIG: 19:57:47 : isPortInterface: 0
MIG: 19:57:47 : isPortInterface: 0
MIG: 19:57:47 : isPortInterface: 0
MIG: 19:57:47 : isPortInterface: 0
MIG: 19:57:47 : isPortInterface: 0
MIG: 19:57:47 : isPortInterface: 0
MIG: 19:57:47 : isPortInterface: 0
MIG: 19:57:47 : isPortInterface: 0
MIG: 19:57:47 : isPortInterface: 0
MIG: 19:57:47 : isPortInterface: 0
MIG: 19:57:47 : isPortInterface: 0
MIG: 19:57:47 : isPortInterface: 0
MIG: 19:57:47 : isPortInterface: 0
MIG: 19:57:47 : isPortInterface: 0
MIG: 19:57:47 : isPortInterface: 1
MIG: 19:57:47 : isPortInterface: 0
MIG: 19:57:47 : isPortInterface: 0
MIG: 19:57:47 : isPortInterface: 0
MIG: 19:57:47 : isPortInterface: 0
MIG: 19:57:47 : isPortInterface: 0
MIG: 19:57:47 : isPortInterface: 0
MIG: 19:57:47 : isPortInterface: 0
MIG: 19:57:47 : isPortInterface: 0
MIG: 19:57:47 : isPortInterface: 0
MIG: 19:57:47 :  locked false  
MIG: 19:57:47 : HDL Language: Verilog
MIG: 19:57:47 : compInfo: false
MIG: 19:57:47 : Vivado Options xc7a200t fbg676 -2
MIG: 19:57:47 : 1: xc7a200t 2: fbg676 3: -2
MIG: 19:57:47 : relative mig path: coregen/ip/xilinx/other/com/xilinx/ip/mig_7series_v4_1/bin/lin64/mig
MIG: 19:57:47 : xilinx_path: /home/user/.opt/Vivado/2018.1/ids_lite/ISE
MIG: 19:57:47 : I am in catch area
MIG: 19:57:47 : Running /home/user/.opt/Vivado/2018.1/ids_lite/ISE/coregen/ip/xilinx/other/com/xilinx/ip/mig_7series_v4_1/bin/lin64/mig -cg_exc_inp /home/user/soc_demo/run_vivado/soc_demo.srcs/sources_1/bd/soc/ip/soc_mig_7series_0_0/xil_txt.in -cg_exc_out /home/user/soc_demo/run_vivado/soc_demo.srcs/sources_1/bd/soc/ip/soc_mig_7series_0_0/xil_txt.out ... 
MIG: 19:57:54 : XML_INPUT_FILE: /home/user/soc_demo/run_vivado/soc_demo.srcs/sources_1/bd/soc/ip/soc_mig_7series_0_0/mig_a.prj
MIG: 19:57:54 : Component_Name: soc_mig_7series_0_0
MIG: 19:57:54 : Moving soc_mig_7series_0_0_xmdf.tcl ...
MIG: 19:57:54 : Moving soc_mig_7series_0_0.veo ...
MIG: 19:57:54 : Moving soc_mig_7series_0_0 ...
